<?xml version="1.0" encoding="UTF-8" standalone="no"?>
<!DOCTYPE log SYSTEM "logger.dtd">
<log>
<record>
  <date>2020-09-28T12:08:45.505-0300</date>
  <logger>LUCAS GABRIEL SOARES DE ALMEIDA</logger>
  <level>FINE</level>
  <message>File 119110385-LUCAS GABRIEL SOARES DE ALMEIDA.zip was received. It was sent by LUCAS GABRIEL SOARES DE ALMEIDA from IP 192.168.0.80 at 28-09-2020 12*08*45</message>
</record>
</log>
<?xml version="1.0" encoding="UTF-8" standalone="no"?>
<!DOCTYPE log SYSTEM "logger.dtd">
<log>
<record>
  <date>2020-09-28T17:33:50.135-0300</date>
  <logger>LUCAS GABRIEL SOARES DE ALMEIDA</logger>
  <level>FINE</level>
  <message>File 119110385-LUCAS GABRIEL SOARES DE ALMEIDA.zip was received. It was sent by LUCAS GABRIEL SOARES DE ALMEIDA from IP 192.168.0.80 at 28-09-2020 17*33*50</message>
</record>
</log>
<?xml version="1.0" encoding="UTF-8" standalone="no"?>
<!DOCTYPE log SYSTEM "logger.dtd">
<log>
<record>
  <date>2020-09-30T11:33:01.131-0300</date>
  <logger>LUCAS GABRIEL SOARES DE ALMEIDA</logger>
  <level>FINE</level>
  <message>File 119110385-LUCAS GABRIEL SOARES DE ALMEIDA.zip was received. It was sent by LUCAS GABRIEL SOARES DE ALMEIDA from IP 192.168.0.80 at 30-09-2020 11*33*01</message>
</record>
</log>
<?xml version="1.0" encoding="UTF-8" standalone="no"?>
<!DOCTYPE log SYSTEM "logger.dtd">
<log>
<record>
  <date>2020-10-04T13:06:02.224-0300</date>
  <logger>LUCAS GABRIEL SOARES DE ALMEIDA</logger>
  <level>FINE</level>
  <message>File 119110385-LUCAS GABRIEL SOARES DE ALMEIDA.zip was received. It was sent by LUCAS GABRIEL SOARES DE ALMEIDA from IP 192.168.0.80 at 04-10-2020 13*06*02</message>
</record>
</log>
<?xml version="1.0" encoding="UTF-8" standalone="no"?>
<!DOCTYPE log SYSTEM "logger.dtd">
<log>
<record>
  <date>2020-10-04T21:56:14.676-0300</date>
  <logger>LUCAS GABRIEL SOARES DE ALMEIDA</logger>
  <level>FINE</level>
  <message>File 119110385-LUCAS GABRIEL SOARES DE ALMEIDA.zip was received. It was sent by LUCAS GABRIEL SOARES DE ALMEIDA from IP 192.168.0.80 at 04-10-2020 21*56*14</message>
</record>
