<?xml version="1.0" encoding="UTF-8" standalone="no"?>
<!DOCTYPE log SYSTEM "logger.dtd">
<log>
<record>
  <date>2020-11-05T12:35:31.438-0300</date>
  <logger>LUCAS GABRIEL SOARES DE ALMEIDA</logger>
  <level>FINE</level>
  <message>File 119110385-LUCAS GABRIEL SOARES DE ALMEIDA.zip was received. It was sent by LUCAS GABRIEL SOARES DE ALMEIDA from IP 192.168.0.80 at 05-11-2020 12*35*31</message>
</record>
</log>
<?xml version="1.0" encoding="UTF-8" standalone="no"?>
<!DOCTYPE log SYSTEM "logger.dtd">
<log>
<record>
  <date>2020-11-05T21:35:02.566-0300</date>
  <logger>LUCAS GABRIEL SOARES DE ALMEIDA</logger>
  <level>FINE</level>
  <message>File 119110385-LUCAS GABRIEL SOARES DE ALMEIDA.zip was received. It was sent by LUCAS GABRIEL SOARES DE ALMEIDA from IP 192.168.0.80 at 05-11-2020 21*35*02</message>
</record>
</log>
<?xml version="1.0" encoding="UTF-8" standalone="no"?>
<!DOCTYPE log SYSTEM "logger.dtd">
<log>
<record>
  <date>2020-11-07T21:27:59.396-0300</date>
  <logger>LUCAS GABRIEL SOARES DE ALMEIDA</logger>
  <level>FINE</level>
  <message>File 119110385-LUCAS GABRIEL SOARES DE ALMEIDA.zip was received. It was sent by LUCAS GABRIEL SOARES DE ALMEIDA from IP 192.168.0.80 at 07-11-2020 21*27*59</message>
</record>
</log>
<?xml version="1.0" encoding="UTF-8" standalone="no"?>
<!DOCTYPE log SYSTEM "logger.dtd">
<log>
<record>
  <date>2020-11-08T12:57:02.180-0300</date>
  <logger>LUCAS GABRIEL SOARES DE ALMEIDA</logger>
  <level>FINE</level>
  <message>File 119110385-LUCAS GABRIEL SOARES DE ALMEIDA.zip was received. It was sent by LUCAS GABRIEL SOARES DE ALMEIDA from IP 25.6.6.245 at 08-11-2020 12*57*02</message>
</record>
