<?xml version="1.0" encoding="UTF-8" standalone="no"?>
<!DOCTYPE log SYSTEM "logger.dtd">
<log>
<record>
  <date>2020-10-26T19:46:40.527-0300</date>
  <logger>LUCAS GABRIEL SOARES DE ALMEIDA</logger>
  <level>FINE</level>
  <message>File 119110385-LUCAS GABRIEL SOARES DE ALMEIDA.zip was received. It was sent by LUCAS GABRIEL SOARES DE ALMEIDA from IP 192.168.0.80 at 26-10-2020 19*46*40</message>
</record>
</log>
<?xml version="1.0" encoding="UTF-8" standalone="no"?>
<!DOCTYPE log SYSTEM "logger.dtd">
<log>
<record>
  <date>2020-10-26T23:29:06.901-0300</date>
  <logger>LUCAS GABRIEL SOARES DE ALMEIDA</logger>
  <level>FINE</level>
  <message>File 119110385-LUCAS GABRIEL SOARES DE ALMEIDA.zip was received. It was sent by LUCAS GABRIEL SOARES DE ALMEIDA from IP 192.168.0.80 at 26-10-2020 23*29*06</message>
</record>
</log>
<?xml version="1.0" encoding="UTF-8" standalone="no"?>
<!DOCTYPE log SYSTEM "logger.dtd">
<log>
<record>
  <date>2020-10-28T18:01:39.249-0300</date>
  <logger>LUCAS GABRIEL SOARES DE ALMEIDA</logger>
  <level>FINE</level>
  <message>File 119110385-LUCAS GABRIEL SOARES DE ALMEIDA.zip was received. It was sent by LUCAS GABRIEL SOARES DE ALMEIDA from IP 192.168.0.80 at 28-10-2020 18*01*39</message>
</record>
</log>
<?xml version="1.0" encoding="UTF-8" standalone="no"?>
<!DOCTYPE log SYSTEM "logger.dtd">
<log>
<record>
  <date>2020-10-29T10:13:59.632-0300</date>
  <logger>LUCAS GABRIEL SOARES DE ALMEIDA</logger>
  <level>FINE</level>
  <message>File 119110385-LUCAS GABRIEL SOARES DE ALMEIDA.zip was received. It was sent by LUCAS GABRIEL SOARES DE ALMEIDA from IP 192.168.0.80 at 29-10-2020 10*13*59</message>
</record>
</log>
<?xml version="1.0" encoding="UTF-8" standalone="no"?>
<!DOCTYPE log SYSTEM "logger.dtd">
<log>
<record>
  <date>2020-11-01T00:33:56.200-0300</date>
  <logger>LUCAS GABRIEL SOARES DE ALMEIDA</logger>
  <level>FINE</level>
  <message>File 119110385-LUCAS GABRIEL SOARES DE ALMEIDA.zip was received. It was sent by LUCAS GABRIEL SOARES DE ALMEIDA from IP 192.168.0.80 at 01-11-2020 00*33*56</message>
</record>
</log>
<?xml version="1.0" encoding="UTF-8" standalone="no"?>
<!DOCTYPE log SYSTEM "logger.dtd">
<log>
<record>
  <date>2020-11-01T00:38:16.730-0300</date>
  <logger>LUCAS GABRIEL SOARES DE ALMEIDA</logger>
  <level>FINE</level>
  <message>File 119110385-LUCAS GABRIEL SOARES DE ALMEIDA.zip was received. It was sent by LUCAS GABRIEL SOARES DE ALMEIDA from IP 192.168.0.80 at 01-11-2020 00*38*16</message>
</record>
